# JRE version: OpenJDK Runtime Environment (8.0_242-b01) (build 1.8.0_242-release-1644-b01)
# Java VM: OpenJDK 64-Bit Server VM (25.242-b01 mixed mode windows-amd64 compressed oops)
Heap:
 PSYoungGen      total 509952K, used 172902K [0x00000000d5580000, 0x0000000100000000, 0x0000000100000000)
  eden space 380416K, 11% used [0x00000000d5580000,0x00000000d7fddfa8,0x00000000ec900000)
  from space 129536K, 99% used [0x00000000f8180000,0x00000000ffffbb88,0x0000000100000000)
  to   space 159232K, 0% used [0x00000000ec900000,0x00000000ec900000,0x00000000f6480000)
 ParOldGen       total 322560K, used 213578K [0x0000000080000000, 0x0000000093b00000, 0x00000000d5580000)
  object space 322560K, 66% used [0x0000000080000000,0x000000008d092bf8,0x0000000093b00000)
 Metaspace       used 118538K, capacity 127892K, committed 128088K, reserved 1161216K
  class space    used 15444K, capacity 17164K, committed 17280K, reserved 1048576K
GC Heap History (10 events):
Event: 1632.235 GC heap before
{Heap before GC invocations=48 (full 4):
 PSYoungGen      total 444416K, used 367137K [0x00000000d5580000, 0x00000000fb380000, 0x0000000100000000)
  eden space 305664K, 100% used [0x00000000d5580000,0x00000000e8000000,0x00000000e8000000)
  from space 138752K, 44% used [0x00000000e8000000,0x00000000ebc08668,0x00000000f0780000)
  to   space 131072K, 0% used [0x00000000f3380000,0x00000000f3380000,0x00000000fb380000)
 ParOldGen       total 322560K, used 165076K [0x0000000080000000, 0x0000000093b00000, 0x00000000d5580000)
  object space 322560K, 51% used [0x0000000080000000,0x000000008a1352d8,0x0000000093b00000)
 Metaspace       used 116621K, capacity 125772K, committed 125912K, reserved 1159168K
  class space    used 15341K, capacity 17030K, committed 17152K, reserved 1048576K
Event: 1632.264 GC heap after
Heap after GC invocations=48 (full 4):
 PSYoungGen      total 489472K, used 23079K [0x00000000d5580000, 0x00000000fb380000, 0x0000000100000000)
  eden space 358400K, 0% used [0x00000000d5580000,0x00000000d5580000,0x00000000eb380000)
  from space 131072K, 17% used [0x00000000f3380000,0x00000000f4a09c00,0x00000000fb380000)
  to   space 131072K, 0% used [0x00000000eb380000,0x00000000eb380000,0x00000000f3380000)
 ParOldGen       total 322560K, used 186661K [0x0000000080000000, 0x0000000093b00000, 0x00000000d5580000)
  object space 322560K, 57% used [0x0000000080000000,0x000000008b649450,0x0000000093b00000)
 Metaspace       used 116621K, capacity 125772K, committed 125912K, reserved 1159168K
  class space    used 15341K, capacity 17030K, committed 17152K, reserved 1048576K
}
Event: 1632.636 GC heap before
{Heap before GC invocations=49 (full 4):
 PSYoungGen      total 489472K, used 381479K [0x00000000d5580000, 0x00000000fb380000, 0x0000000100000000)
  eden space 358400K, 100% used [0x00000000d5580000,0x00000000eb380000,0x00000000eb380000)
  from space 131072K, 17% used [0x00000000f3380000,0x00000000f4a09c00,0x00000000fb380000)
  to   space 131072K, 0% used [0x00000000eb380000,0x00000000eb380000,0x00000000f3380000)
 ParOldGen       total 322560K, used 186661K [0x0000000080000000, 0x0000000093b00000, 0x00000000d5580000)
  object space 322560K, 57% used [0x0000000080000000,0x000000008b649450,0x0000000093b00000)
 Metaspace       used 116922K, capacity 126064K, committed 126424K, reserved 1159168K
  class space    used 15341K, capacity 17030K, committed 17152K, reserved 1048576K
Event: 1632.651 GC heap after
Heap after GC invocations=49 (full 4):
 PSYoungGen      total 489472K, used 16362K [0x00000000d5580000, 0x00000000fec80000, 0x0000000100000000)
  eden space 358400K, 0% used [0x00000000d5580000,0x00000000d5580000,0x00000000eb380000)
  from space 131072K, 12% used [0x00000000eb380000,0x00000000ec37ab08,0x00000000f3380000)
  to   space 130560K, 0% used [0x00000000f6d00000,0x00000000f6d00000,0x00000000fec80000)
 ParOldGen       total 322560K, used 193114K [0x0000000080000000, 0x0000000093b00000, 0x00000000d5580000)
  object space 322560K, 59% used [0x0000000080000000,0x000000008bc96918,0x0000000093b00000)
 Metaspace       used 116922K, capacity 126064K, committed 126424K, reserved 1159168K
  class space    used 15341K, capacity 17030K, committed 17152K, reserved 1048576K
}
Event: 1633.139 GC heap before
{Heap before GC invocations=50 (full 4):
 PSYoungGen      total 489472K, used 374762K [0x00000000d5580000, 0x00000000fec80000, 0x0000000100000000)
  eden space 358400K, 100% used [0x00000000d5580000,0x00000000eb380000,0x00000000eb380000)
  from space 131072K, 12% used [0x00000000eb380000,0x00000000ec37ab08,0x00000000f3380000)
  to   space 130560K, 0% used [0x00000000f6d00000,0x00000000f6d00000,0x00000000fec80000)
 ParOldGen       total 322560K, used 193114K [0x0000000080000000, 0x0000000093b00000, 0x00000000d5580000)
  object space 322560K, 59% used [0x0000000080000000,0x000000008bc96918,0x0000000093b00000)
 Metaspace       used 117293K, capacity 126420K, committed 126680K, reserved 1159168K
  class space    used 15341K, capacity 17030K, committed 17152K, reserved 1048576K
Event: 1633.147 GC heap after
Heap after GC invocations=50 (full 4):
 PSYoungGen      total 541184K, used 9234K [0x00000000d5580000, 0x00000000fe900000, 0x0000000100000000)
  eden space 414208K, 0% used [0x00000000d5580000,0x00000000d5580000,0x00000000eea00000)
  from space 126976K, 7% used [0x00000000f6d00000,0x00000000f7604848,0x00000000fe900000)
  to   space 130560K, 0% used [0x00000000eea00000,0x00000000eea00000,0x00000000f6980000)
 ParOldGen       total 322560K, used 194298K [0x0000000080000000, 0x0000000093b00000, 0x00000000d5580000)
  object space 322560K, 60% used [0x0000000080000000,0x000000008bdbe888,0x0000000093b00000)
 Metaspace       used 117293K, capacity 126420K, committed 126680K, reserved 1159168K
  class space    used 15341K, capacity 17030K, committed 17152K, reserved 1048576K
}
Event: 1634.214 GC heap before
{Heap before GC invocations=51 (full 4):
 PSYoungGen      total 541184K, used 423405K [0x00000000d5580000, 0x00000000fe900000, 0x0000000100000000)
  eden space 414208K, 99% used [0x00000000d5580000,0x00000000ee9f6f50,0x00000000eea00000)
  from space 126976K, 7% used [0x00000000f6d00000,0x00000000f7604848,0x00000000fe900000)
  to   space 130560K, 0% used [0x00000000eea00000,0x00000000eea00000,0x00000000f6980000)
 ParOldGen       total 322560K, used 194298K [0x0000000080000000, 0x0000000093b00000, 0x00000000d5580000)
  object space 322560K, 60% used [0x0000000080000000,0x000000008bdbe888,0x0000000093b00000)
 Metaspace       used 117755K, capacity 126936K, committed 127192K, reserved 1159168K
  class space    used 15372K, capacity 17074K, committed 17152K, reserved 1048576K
Event: 1634.224 GC heap after
Heap after GC invocations=51 (full 4):
 PSYoungGen      total 544768K, used 8696K [0x00000000d5580000, 0x0000000100000000, 0x0000000100000000)
  eden space 414208K, 0% used [0x00000000d5580000,0x00000000d5580000,0x00000000eea00000)
  from space 130560K, 6% used [0x00000000eea00000,0x00000000ef27e020,0x00000000f6980000)
  to   space 129536K, 0% used [0x00000000f8180000,0x00000000f8180000,0x0000000100000000)
 ParOldGen       total 322560K, used 195061K [0x0000000080000000, 0x0000000093b00000, 0x00000000d5580000)
  object space 322560K, 60% used [0x0000000080000000,0x000000008be7d598,0x0000000093b00000)
 Metaspace       used 117755K, capacity 126936K, committed 127192K, reserved 1159168K
  class space    used 15372K, capacity 17074K, committed 17152K, reserved 1048576K
}
Event: 1635.807 GC heap before
{Heap before GC invocations=52 (full 4):
 PSYoungGen      total 544768K, used 422904K [0x00000000d5580000, 0x0000000100000000, 0x0000000100000000)
  eden space 414208K, 100% used [0x00000000d5580000,0x00000000eea00000,0x00000000eea00000)
  from space 130560K, 6% used [0x00000000eea00000,0x00000000ef27e020,0x00000000f6980000)
  to   space 129536K, 0% used [0x00000000f8180000,0x00000000f8180000,0x0000000100000000)
 ParOldGen       total 322560K, used 195061K [0x0000000080000000, 0x0000000093b00000, 0x00000000d5580000)
  object space 322560K, 60% used [0x0000000080000000,0x000000008be7d598,0x0000000093b00000)
 Metaspace       used 118538K, capacity 127892K, committed 128088K, reserved 1161216K
  class space    used 15444K, capacity 17164K, committed 17280K, reserved 1048576K
Event: 1635.982 GC heap after
Heap after GC invocations=52 (full 4):
 PSYoungGen      total 509952K, used 129518K [0x00000000d5580000, 0x0000000100000000, 0x0000000100000000)
  eden space 380416K, 0% used [0x00000000d5580000,0x00000000d5580000,0x00000000ec900000)
  from space 129536K, 99% used [0x00000000f8180000,0x00000000ffffbb88,0x0000000100000000)
  to   space 159232K, 0% used [0x00000000ec900000,0x00000000ec900000,0x00000000f6480000)
 ParOldGen       total 322560K, used 213578K [0x0000000080000000, 0x0000000093b00000, 0x00000000d5580000)
  object space 322560K, 66% used [0x0000000080000000,0x000000008d092bf8,0x0000000093b00000)
 Metaspace       used 118538K, capacity 127892K, committed 128088K, reserved 1161216K
  class space    used 15444K, capacity 17164K, committed 17280K, reserved 1048576K
}

